{
  "numTotalTestSuites": 2,
  "numPassedTestSuites": 2,
  "numFailedTestSuites": 0,
  "numPendingTestSuites": 0,
  "numTotalTests": 2,
  "numPassedTests": 2,
  "numFailedTests": 0,
  "numPendingTests": 0,
  "numTodoTests": 0,
  "startTime": 1665208007603,
  "success": true,
  "testResults": [
    {
      "assertionResults": [
        {
          "ancestorTitles": [
            "",
            "HelloWorld.vue"
          ],
          "fullName": " HelloWorld.vue Should render the page correct",
          "status": "passed",
          "title": "Should render the page correct",
          "duration": 20,
          "failureMessages": []
        },
        {
          "ancestorTitles": [
            "",
            "HelloWorld.vue"
          ],
          "fullName": " HelloWorld.vue Should count correctly",
          "status": "passed",
          "title": "Should count correctly",
          "duration": 12,
          "failureMessages": []
        }
      ],
      "startTime": 1665208009587,
      "endTime": 1665208009619,
      "status": "passed",
      "message": "",
      "name": "C:/Users/allan/Documents/git/ZRI/vite-boilerplate/src/__tests__/components/HelloWorld.test.ts"
    }
  ]
}